The system is: Windows - 10.0.19044 - AMD64
Compiling the C compiler identification source file "CMakeCCompilerId.c" succeeded.
Compiler: C:/Program Files (x86)/Microsoft Visual Studio/2019/Community/VC/Tools/MSVC/14.29.30133/bin/Hostx86/x86/cl.exe 
Build flags: 
Id flags:  

The output was:
0
Microsoft (R) C/C++ Optimizing Compiler Version 19.29.30137 for x86
Copyright (C) Microsoft Corporation.  All rights reserved.

CMakeCCompilerId.c
Microsoft (R) Incremental Linker Version 14.29.30137.0
Copyright (C) Microsoft Corporation.  All rights reserved.

/out:CMakeCCompilerId.exe 
CMakeCCompilerId.obj 


Compilation of the C compiler identification source "CMakeCCompilerId.c" produced "CMakeCCompilerId.exe"

Compilation of the C compiler identification source "CMakeCCompilerId.c" produced "CMakeCCompilerId.obj"

The C compiler identification is MSVC, found in "//wsl$/Ubuntu/home/lam/HW_OperatingSystems/hw1/wet/skeleton_smash/cmake-build-debug/CMakeFiles/3.25.2/CompilerIdC/CMakeCCompilerId.exe"

Compiling the CXX compiler identification source file "CMakeCXXCompilerId.cpp" succeeded.
Compiler: C:/Program Files (x86)/Microsoft Visual Studio/2019/Community/VC/Tools/MSVC/14.29.30133/bin/Hostx86/x86/cl.exe 
Build flags: 
Id flags:  

The output was:
0
Microsoft (R) C/C++ Optimizing Compiler Version 19.29.30137 for x86
Copyright (C) Microsoft Corporation.  All rights reserved.

CMakeCXXCompilerId.cpp
Microsoft (R) Incremental Linker Version 14.29.30137.0
Copyright (C) Microsoft Corporation.  All rights reserved.

/out:CMakeCXXCompilerId.exe 
CMakeCXXCompilerId.obj 


Compilation of the CXX compiler identification source "CMakeCXXCompilerId.cpp" produced "CMakeCXXCompilerId.exe"

Compilation of the CXX compiler identification source "CMakeCXXCompilerId.cpp" produced "CMakeCXXCompilerId.obj"

The CXX compiler identification is MSVC, found in "//wsl$/Ubuntu/home/lam/HW_OperatingSystems/hw1/wet/skeleton_smash/cmake-build-debug/CMakeFiles/3.25.2/CompilerIdCXX/CMakeCXXCompilerId.exe"

Detecting C compiler ABI info compiled with the following output:
Change Dir: //wsl$/Ubuntu/home/lam/HW_OperatingSystems/hw1/wet/skeleton_smash/cmake-build-debug/CMakeFiles/CMakeScratch/TryCompile-0raxxh

Run Build Command(s):nmake -f Makefile /nologo cmTC_3c419\fast && 	"C:\Program Files (x86)\Microsoft Visual Studio\2019\Community\VC\Tools\MSVC\14.29.30133\bin\HostX86\x86\nmake.exe"  -f CMakeFiles\cmTC_3c419.dir\build.make /nologo -L                  CMakeFiles\cmTC_3c419.dir\build
Building C object CMakeFiles/cmTC_3c419.dir/CMakeCCompilerABI.c.obj
	"C:\Users\Lam\AppData\Local\JetBrains\CLion 2023.1.2\bin\cmake\win\x64\bin\cmake.exe" -E cmake_cl_compile_depends --dep-file=CMakeFiles\cmTC_3c419.dir\CMakeCCompilerABI.c.obj.d --working-dir=\\wsl$\Ubuntu\home\lam\HW_OperatingSystems\hw1\wet\skeleton_smash\cmake-build-debug\CMakeFiles\CMakeScratch\TryCompile-0raxxh --filter-prefix="Note: including file: " -- C:\PROGRA~2\MICROS~3\2019\COMMUN~1\VC\Tools\MSVC\1429~1.301\bin\Hostx86\x86\cl.exe @C:\Users\Lam\AppData\Local\Temp\nm40BC.tmp
CMakeCCompilerABI.c
Linking C executable cmTC_3c419.exe
	"C:\Users\Lam\AppData\Local\JetBrains\CLion 2023.1.2\bin\cmake\win\x64\bin\cmake.exe" -E vs_link_exe --intdir=CMakeFiles\cmTC_3c419.dir --rc=C:\PROGRA~2\WI3CF2~1\10\bin\100190~1.0\x86\rc.exe --mt=C:\PROGRA~2\WI3CF2~1\10\bin\100190~1.0\x86\mt.exe --manifests -- C:\PROGRA~2\MICROS~3\2019\COMMUN~1\VC\Tools\MSVC\1429~1.301\bin\Hostx86\x86\link.exe /nologo @CMakeFiles\cmTC_3c419.dir\objects1 @C:\Users\Lam\AppData\Local\Temp\nm430F.tmp



Detecting CXX compiler ABI info compiled with the following output:
Change Dir: //wsl$/Ubuntu/home/lam/HW_OperatingSystems/hw1/wet/skeleton_smash/cmake-build-debug/CMakeFiles/CMakeScratch/TryCompile-vgneyc

Run Build Command(s):nmake -f Makefile /nologo cmTC_72632\fast && 	"C:\Program Files (x86)\Microsoft Visual Studio\2019\Community\VC\Tools\MSVC\14.29.30133\bin\HostX86\x86\nmake.exe"  -f CMakeFiles\cmTC_72632.dir\build.make /nologo -L                  CMakeFiles\cmTC_72632.dir\build
Building CXX object CMakeFiles/cmTC_72632.dir/CMakeCXXCompilerABI.cpp.obj
	"C:\Users\Lam\AppData\Local\JetBrains\CLion 2023.1.2\bin\cmake\win\x64\bin\cmake.exe" -E cmake_cl_compile_depends --dep-file=CMakeFiles\cmTC_72632.dir\CMakeCXXCompilerABI.cpp.obj.d --working-dir=\\wsl$\Ubuntu\home\lam\HW_OperatingSystems\hw1\wet\skeleton_smash\cmake-build-debug\CMakeFiles\CMakeScratch\TryCompile-vgneyc --filter-prefix="Note: including file: " -- C:\PROGRA~2\MICROS~3\2019\COMMUN~1\VC\Tools\MSVC\1429~1.301\bin\Hostx86\x86\cl.exe @C:\Users\Lam\AppData\Local\Temp\nm529E.tmp
CMakeCXXCompilerABI.cpp
Linking CXX executable cmTC_72632.exe
	"C:\Users\Lam\AppData\Local\JetBrains\CLion 2023.1.2\bin\cmake\win\x64\bin\cmake.exe" -E vs_link_exe --intdir=CMakeFiles\cmTC_72632.dir --rc=C:\PROGRA~2\WI3CF2~1\10\bin\100190~1.0\x86\rc.exe --mt=C:\PROGRA~2\WI3CF2~1\10\bin\100190~1.0\x86\mt.exe --manifests -- C:\PROGRA~2\MICROS~3\2019\COMMUN~1\VC\Tools\MSVC\1429~1.301\bin\Hostx86\x86\link.exe /nologo @CMakeFiles\cmTC_72632.dir\objects1 @C:\Users\Lam\AppData\Local\Temp\nm53D8.tmp



